<?xml version="1.0" encoding="UTF-8"?>
<!-- Generated by org.testng.reporters.JUnitXMLReporter -->
<testsuite hostname="LAPTOP-T8L3DK2F" ignored="0" name="Default test" tests="5" failures="0" timestamp="11 Apr 2018 22:39:15 GMT" time="18.124" errors="0">
  <testcase name="basePageNavigation" time="12.62" classname="Academy.EndtoEndProject.HomePage"/>
  <testcase name="checkLoginCredentials" time="0.202" classname="Academy.EndtoEndProject.HomePage"/>
  <testcase name="checkLoginCredentials" time="0.162" classname="Academy.EndtoEndProject.HomePage"/>
  <testcase name="checkLoginCredentials" time="0.152" classname="Academy.EndtoEndProject.HomePage"/>
  <testcase name="checkLoginCredentials" time="0.147" classname="Academy.EndtoEndProject.HomePage"/>
</testsuite> <!-- Default test -->
