<?xml version="1.0" encoding="UTF-8"?>
<!-- Generated by org.testng.reporters.JUnitXMLReporter -->
<testsuite hostname="LAPTOP-T8L3DK2F" ignored="0" name="Test" tests="6" failures="0" timestamp="11 Apr 2018 20:41:38 GMT" time="51.998" errors="0">
  <testcase name="basePageNavigation" time="9.774" classname="Academy.EndtoEndProject.validateTitle"/>
  <testcase name="basePageNavigation" time="12.232" classname="Academy.EndtoEndProject.HomePage"/>
  <testcase name="checkLoginCredentials" time="4.101" classname="Academy.EndtoEndProject.HomePage"/>
  <testcase name="checkLoginCredentials" time="7.843" classname="Academy.EndtoEndProject.HomePage"/>
  <testcase name="checkLoginCredentials" time="2.247" classname="Academy.EndtoEndProject.HomePage"/>
  <testcase name="checkLoginCredentials" time="9.272" classname="Academy.EndtoEndProject.HomePage"/>
</testsuite> <!-- Test -->
