<?xml version="1.0" encoding="UTF-8"?>
<!-- Generated by org.testng.reporters.JUnitXMLReporter -->
<testsuite hostname="LAPTOP-T8L3DK2F" ignored="0" name="Test2" tests="5" failures="0" timestamp="12 Apr 2018 18:02:57 GMT" time="35.136" errors="0">
  <testcase name="basePageNavigation" time="28.887" classname="Academy.EndtoEndProject.HomePage"/>
  <testcase name="checkLoginCredentials" time="0.167" classname="Academy.EndtoEndProject.HomePage"/>
  <testcase name="checkLoginCredentials" time="0.198" classname="Academy.EndtoEndProject.HomePage"/>
  <testcase name="checkLoginCredentials" time="0.133" classname="Academy.EndtoEndProject.HomePage"/>
  <testcase name="checkLoginCredentials" time="0.135" classname="Academy.EndtoEndProject.HomePage"/>
</testsuite> <!-- Test2 -->
